Determining if the pthread_create exist failed with the following output:
Change Dir: /home/pratyush1999/Documents/honors/pcl/build/CMakeFiles/CMakeTmp

Run Build Command:"/usr/bin/make" "cmTC_424ad/fast"
/usr/bin/make -f CMakeFiles/cmTC_424ad.dir/build.make CMakeFiles/cmTC_424ad.dir/build
make[1]: Entering directory '/home/pratyush1999/Documents/honors/pcl/build/CMakeFiles/CMakeTmp'
Building C object CMakeFiles/cmTC_424ad.dir/CheckSymbolExists.c.o
/usr/bin/cc    -o CMakeFiles/cmTC_424ad.dir/CheckSymbolExists.c.o   -c /home/pratyush1999/Documents/honors/pcl/build/CMakeFiles/CMakeTmp/CheckSymbolExists.c
Linking C executable cmTC_424ad
/usr/bin/cmake -E cmake_link_script CMakeFiles/cmTC_424ad.dir/link.txt --verbose=1
/usr/bin/cc      -rdynamic CMakeFiles/cmTC_424ad.dir/CheckSymbolExists.c.o  -o cmTC_424ad 
CMakeFiles/cmTC_424ad.dir/CheckSymbolExists.c.o: In function `main':
CheckSymbolExists.c:(.text+0x1b): undefined reference to `pthread_create'
collect2: error: ld returned 1 exit status
CMakeFiles/cmTC_424ad.dir/build.make:97: recipe for target 'cmTC_424ad' failed
make[1]: *** [cmTC_424ad] Error 1
make[1]: Leaving directory '/home/pratyush1999/Documents/honors/pcl/build/CMakeFiles/CMakeTmp'
Makefile:126: recipe for target 'cmTC_424ad/fast' failed
make: *** [cmTC_424ad/fast] Error 2

File /home/pratyush1999/Documents/honors/pcl/build/CMakeFiles/CMakeTmp/CheckSymbolExists.c:
/* */
#include <pthread.h>

int main(int argc, char** argv)
{
  (void)argv;
#ifndef pthread_create
  return ((int*)(&pthread_create))[argc];
#else
  (void)argc;
  return 0;
#endif
}

Determining if the function pthread_create exists in the pthreads failed with the following output:
Change Dir: /home/pratyush1999/Documents/honors/pcl/build/CMakeFiles/CMakeTmp

Run Build Command:"/usr/bin/make" "cmTC_190f2/fast"
/usr/bin/make -f CMakeFiles/cmTC_190f2.dir/build.make CMakeFiles/cmTC_190f2.dir/build
make[1]: Entering directory '/home/pratyush1999/Documents/honors/pcl/build/CMakeFiles/CMakeTmp'
Building C object CMakeFiles/cmTC_190f2.dir/CheckFunctionExists.c.o
/usr/bin/cc   -DCHECK_FUNCTION_EXISTS=pthread_create   -o CMakeFiles/cmTC_190f2.dir/CheckFunctionExists.c.o   -c /usr/share/cmake-3.10/Modules/CheckFunctionExists.c
Linking C executable cmTC_190f2
/usr/bin/cmake -E cmake_link_script CMakeFiles/cmTC_190f2.dir/link.txt --verbose=1
/usr/bin/cc  -DCHECK_FUNCTION_EXISTS=pthread_create    -rdynamic CMakeFiles/cmTC_190f2.dir/CheckFunctionExists.c.o  -o cmTC_190f2 -lpthreads 
/usr/bin/ld: cannot find -lpthreads
collect2: error: ld returned 1 exit status
CMakeFiles/cmTC_190f2.dir/build.make:97: recipe for target 'cmTC_190f2' failed
make[1]: *** [cmTC_190f2] Error 1
make[1]: Leaving directory '/home/pratyush1999/Documents/honors/pcl/build/CMakeFiles/CMakeTmp'
Makefile:126: recipe for target 'cmTC_190f2/fast' failed
make: *** [cmTC_190f2/fast] Error 2


